NPM error log

[:browser] Build failure:
The required JS dependency "process" is not available, it was required by "node_modules/lezer/dist/index.cjs".

Dependency Trace:
	nextjournal/viewer.cljs
	nextjournal/viewer/code.cljs
	nextjournal/clojure_mode.cljs
	node_modules/lezer/dist/index.cjs

Searched for npm packages in:
	/Users/kommen/work/nextjournal-viewers/node_modules
process is part of the node-libs-browser polyfill package to provide node-native package support
for none-node builds. You should install shadow-cljs in your project to provide that dependency.


The required JS dependency "punycode" is not available, it was required by "node_modules/markdown-it/lib/index.js".

Dependency Trace:
	nextjournal/viewer.cljs
	nextjournal/viewer/markdown.cljs
	nextjournal/markdown.cljs
	node_modules/markdown-it/index.js
	node_modules/markdown-it/lib/index.js

Searched for npm packages in:
	/Users/kommen/work/nextjournal-viewers/node_modules


The required JS dependency "markdown-it-task-lists" is not available, it was required by "nextjournal/markdown.cljs".

Dependency Trace:
	nextjournal/viewer.cljs
	nextjournal/viewer/markdown.cljs
	nextjournal/markdown.cljs


The required JS dependency "markdown-it-texmath" is not available, it was required by "nextjournal/markdown.cljs".

The required JS dependency "js-yaml" is not available, it was required by "nextjournal/markdown/github_preamble.cljs".
